{"/home/eiji/Projetos_Driven/Projetos_Fullstack/Projeto_21/projeto21-signmeasong-backend/src/app.ts": {"path":"/home/eiji/Projetos_Driven/Projetos_Fullstack/Projeto_21/projeto21-signmeasong-backend/src/app.ts","statementMap":{"0":{"start":{"line":1,"column":0},"end":{"line":1,"column":24}},"1":{"start":{"line":2,"column":0},"end":{"line":2,"column":30}},"2":{"start":{"line":3,"column":0},"end":{"line":3,"column":30}},"3":{"start":{"line":4,"column":0},"end":{"line":4,"column":81}},"4":{"start":{"line":5,"column":0},"end":{"line":5,"column":69}},"5":{"start":{"line":6,"column":0},"end":{"line":6,"column":47}},"6":{"start":{"line":7,"column":0},"end":{"line":7,"column":28}},"7":{"start":{"line":9,"column":0},"end":{"line":9,"column":16}},"8":{"start":{"line":11,"column":12},"end":{"line":11,"column":21}},"9":{"start":{"line":12,"column":0},"end":{"line":12,"column":16}},"10":{"start":{"line":13,"column":0},"end":{"line":13,"column":24}},"11":{"start":{"line":15,"column":0},"end":{"line":17,"column":null}},"12":{"start":{"line":16,"column":1},"end":{"line":16,"column":20}},"13":{"start":{"line":19,"column":0},"end":{"line":19,"column":50}},"14":{"start":{"line":20,"column":0},"end":{"line":20,"column":32}},"15":{"start":{"line":22,"column":0},"end":{"line":22,"column":19}}},"fnMap":{},"branchMap":{"0":{"loc":{"start":{"line":15,"column":0},"end":{"line":17,"column":null}},"type":"if","locations":[{"start":{"line":15,"column":0},"end":{"line":17,"column":null}}]}},"s":{"0":1,"1":1,"2":1,"3":1,"4":1,"5":1,"6":1,"7":1,"8":1,"9":1,"10":1,"11":1,"12":1,"13":1,"14":1,"15":1},"f":{},"b":{"0":[1]}}
,"/home/eiji/Projetos_Driven/Projetos_Fullstack/Projeto_21/projeto21-signmeasong-backend/src/database.ts": {"path":"/home/eiji/Projetos_Driven/Projetos_Fullstack/Projeto_21/projeto21-signmeasong-backend/src/database.ts","statementMap":{"0":{"start":{"line":1,"column":0},"end":{"line":1,"column":33}},"1":{"start":{"line":3,"column":25},"end":{"line":3,"column":28}},"2":{"start":{"line":5,"column":13},"end":{"line":5,"column":41}}},"fnMap":{},"branchMap":{},"s":{"0":2,"1":2,"2":2},"f":{},"b":{}}
,"/home/eiji/Projetos_Driven/Projetos_Fullstack/Projeto_21/projeto21-signmeasong-backend/src/controllers/e2eController.ts": {"path":"/home/eiji/Projetos_Driven/Projetos_Fullstack/Projeto_21/projeto21-signmeasong-backend/src/controllers/e2eController.ts","statementMap":{"0":{"start":{"line":2,"column":0},"end":{"line":2,"column":56}},"1":{"start":{"line":5,"column":1},"end":{"line":5,"column":29}},"2":{"start":{"line":7,"column":1},"end":{"line":7,"column":21}},"3":{"start":{"line":4,"column":0},"end":{"line":4,"column":22}}},"fnMap":{"0":{"name":"truncate","decl":{"start":{"line":4,"column":22},"end":{"line":4,"column":30}},"loc":{"start":{"line":4,"column":58},"end":{"line":8,"column":null}}}},"branchMap":{},"s":{"0":1,"1":0,"2":0,"3":1},"f":{"0":0},"b":{}}
,"/home/eiji/Projetos_Driven/Projetos_Fullstack/Projeto_21/projeto21-signmeasong-backend/src/controllers/recommendationController.ts": {"path":"/home/eiji/Projetos_Driven/Projetos_Fullstack/Projeto_21/projeto21-signmeasong-backend/src/controllers/recommendationController.ts","statementMap":{"0":{"start":{"line":2,"column":0},"end":{"line":2,"column":76}},"1":{"start":{"line":3,"column":0},"end":{"line":3,"column":78}},"2":{"start":{"line":4,"column":0},"end":{"line":4,"column":58}},"3":{"start":{"line":7,"column":20},"end":{"line":7,"column":59}},"4":{"start":{"line":8,"column":1},"end":{"line":10,"column":null}},"5":{"start":{"line":9,"column":2},"end":{"line":9,"column":27}},"6":{"start":{"line":12,"column":1},"end":{"line":12,"column":46}},"7":{"start":{"line":14,"column":1},"end":{"line":14,"column":21}},"8":{"start":{"line":18,"column":16},"end":{"line":18,"column":26}},"9":{"start":{"line":20,"column":1},"end":{"line":20,"column":41}},"10":{"start":{"line":22,"column":1},"end":{"line":22,"column":21}},"11":{"start":{"line":26,"column":16},"end":{"line":26,"column":26}},"12":{"start":{"line":28,"column":1},"end":{"line":28,"column":43}},"13":{"start":{"line":30,"column":1},"end":{"line":30,"column":21}},"14":{"start":{"line":34,"column":30},"end":{"line":34,"column":69}},"15":{"start":{"line":36,"column":1},"end":{"line":36,"column":32}},"16":{"start":{"line":40,"column":25},"end":{"line":40,"column":58}},"17":{"start":{"line":41,"column":1},"end":{"line":41,"column":27}},"18":{"start":{"line":45,"column":20},"end":{"line":45,"column":30}},"19":{"start":{"line":47,"column":25},"end":{"line":47,"column":68}},"20":{"start":{"line":48,"column":1},"end":{"line":48,"column":27}},"21":{"start":{"line":52,"column":16},"end":{"line":52,"column":26}},"22":{"start":{"line":54,"column":24},"end":{"line":54,"column":64}},"23":{"start":{"line":55,"column":1},"end":{"line":55,"column":26}},"24":{"start":{"line":58,"column":13},"end":{"line":66,"column":2}}},"fnMap":{"0":{"name":"insert","decl":{"start":{"line":6,"column":15},"end":{"line":6,"column":21}},"loc":{"start":{"line":6,"column":49},"end":{"line":15,"column":null}}},"1":{"name":"upvote","decl":{"start":{"line":17,"column":15},"end":{"line":17,"column":21}},"loc":{"start":{"line":17,"column":49},"end":{"line":23,"column":null}}},"2":{"name":"downvote","decl":{"start":{"line":25,"column":15},"end":{"line":25,"column":23}},"loc":{"start":{"line":25,"column":51},"end":{"line":31,"column":null}}},"3":{"name":"random","decl":{"start":{"line":33,"column":15},"end":{"line":33,"column":21}},"loc":{"start":{"line":33,"column":49},"end":{"line":37,"column":null}}},"4":{"name":"get","decl":{"start":{"line":39,"column":15},"end":{"line":39,"column":18}},"loc":{"start":{"line":39,"column":46},"end":{"line":42,"column":null}}},"5":{"name":"getTop","decl":{"start":{"line":44,"column":15},"end":{"line":44,"column":21}},"loc":{"start":{"line":44,"column":49},"end":{"line":49,"column":null}}},"6":{"name":"getById","decl":{"start":{"line":51,"column":15},"end":{"line":51,"column":22}},"loc":{"start":{"line":51,"column":50},"end":{"line":56,"column":null}}}},"branchMap":{"0":{"loc":{"start":{"line":8,"column":1},"end":{"line":10,"column":null}},"type":"if","locations":[{"start":{"line":8,"column":1},"end":{"line":10,"column":null}}]}},"s":{"0":1,"1":1,"2":1,"3":6,"4":6,"5":3,"6":3,"7":2,"8":2,"9":2,"10":1,"11":3,"12":3,"13":2,"14":2,"15":1,"16":1,"17":1,"18":3,"19":3,"20":2,"21":2,"22":2,"23":1,"24":1},"f":{"0":6,"1":2,"2":3,"3":2,"4":1,"5":3,"6":2},"b":{"0":[3]}}
,"/home/eiji/Projetos_Driven/Projetos_Fullstack/Projeto_21/projeto21-signmeasong-backend/src/middlewares/errorHandlerMiddleware.ts": {"path":"/home/eiji/Projetos_Driven/Projetos_Fullstack/Projeto_21/projeto21-signmeasong-backend/src/middlewares/errorHandlerMiddleware.ts","statementMap":{"0":{"start":{"line":2,"column":0},"end":{"line":2,"column":null}},"1":{"start":{"line":14,"column":2},"end":{"line":14,"column":19}},"2":{"start":{"line":16,"column":2},"end":{"line":18,"column":null}},"3":{"start":{"line":17,"column":4},"end":{"line":17,"column":73}},"4":{"start":{"line":20,"column":2},"end":{"line":20,"column":29}},"5":{"start":{"line":8,"column":0},"end":{"line":8,"column":16}}},"fnMap":{"0":{"name":"errorHandlerMiddleware","decl":{"start":{"line":8,"column":16},"end":{"line":8,"column":38}},"loc":{"start":{"line":12,"column":20},"end":{"line":21,"column":1}}}},"branchMap":{"0":{"loc":{"start":{"line":16,"column":2},"end":{"line":18,"column":null}},"type":"if","locations":[{"start":{"line":16,"column":2},"end":{"line":18,"column":null}}]}},"s":{"0":1,"1":9,"2":9,"3":8,"4":1,"5":1},"f":{"0":9},"b":{"0":[8]}}
,"/home/eiji/Projetos_Driven/Projetos_Fullstack/Projeto_21/projeto21-signmeasong-backend/src/repositories/e2eRepository.ts": {"path":"/home/eiji/Projetos_Driven/Projetos_Fullstack/Projeto_21/projeto21-signmeasong-backend/src/repositories/e2eRepository.ts","statementMap":{"0":{"start":{"line":1,"column":0},"end":{"line":1,"column":40}},"1":{"start":{"line":4,"column":1},"end":{"line":4,"column":57}},"2":{"start":{"line":3,"column":0},"end":{"line":3,"column":22}}},"fnMap":{"0":{"name":"truncate","decl":{"start":{"line":3,"column":22},"end":{"line":3,"column":30}},"loc":{"start":{"line":3,"column":30},"end":{"line":5,"column":null}}}},"branchMap":{},"s":{"0":1,"1":0,"2":1},"f":{"0":0},"b":{}}
,"/home/eiji/Projetos_Driven/Projetos_Fullstack/Projeto_21/projeto21-signmeasong-backend/src/repositories/recommendationRepository.ts": {"path":"/home/eiji/Projetos_Driven/Projetos_Fullstack/Projeto_21/projeto21-signmeasong-backend/src/repositories/recommendationRepository.ts","statementMap":{"0":{"start":{"line":2,"column":0},"end":{"line":2,"column":40}},"1":{"start":{"line":6,"column":1},"end":{"line":8,"column":4}},"2":{"start":{"line":17,"column":16},"end":{"line":17,"column":46}},"3":{"start":{"line":19,"column":1},"end":{"line":23,"column":4}},"4":{"start":{"line":27,"column":1},"end":{"line":30,"column":4}},"5":{"start":{"line":36,"column":1},"end":{"line":36,"column":30}},"6":{"start":{"line":36,"column":20},"end":{"line":36,"column":30}},"7":{"start":{"line":38,"column":32},"end":{"line":38,"column":44}},"8":{"start":{"line":40,"column":1},"end":{"line":42,"column":3}},"9":{"start":{"line":46,"column":1},"end":{"line":48,"column":4}},"10":{"start":{"line":52,"column":1},"end":{"line":54,"column":4}},"11":{"start":{"line":58,"column":1},"end":{"line":63,"column":4}},"12":{"start":{"line":67,"column":1},"end":{"line":69,"column":4}},"13":{"start":{"line":72,"column":13},"end":{"line":80,"column":2}}},"fnMap":{"0":{"name":"create","decl":{"start":{"line":5,"column":15},"end":{"line":5,"column":21}},"loc":{"start":{"line":5,"column":72},"end":{"line":9,"column":null}}},"1":{"name":"findAll","decl":{"start":{"line":16,"column":9},"end":{"line":16,"column":16}},"loc":{"start":{"line":16,"column":44},"end":{"line":24,"column":1}}},"2":{"name":"getAmountByScore","decl":{"start":{"line":26,"column":9},"end":{"line":26,"column":25}},"loc":{"start":{"line":26,"column":38},"end":{"line":31,"column":1}}},"3":{"name":"getFindAllFilter","decl":{"start":{"line":33,"column":9},"end":{"line":33,"column":25}},"loc":{"start":{"line":34,"column":28},"end":{"line":43,"column":1}}},"4":{"name":"find","decl":{"start":{"line":45,"column":9},"end":{"line":45,"column":13}},"loc":{"start":{"line":45,"column":24},"end":{"line":49,"column":1}}},"5":{"name":"findByName","decl":{"start":{"line":51,"column":9},"end":{"line":51,"column":19}},"loc":{"start":{"line":51,"column":32},"end":{"line":55,"column":1}}},"6":{"name":"updateScore","decl":{"start":{"line":57,"column":15},"end":{"line":57,"column":26}},"loc":{"start":{"line":57,"column":75},"end":{"line":64,"column":null}}},"7":{"name":"remove","decl":{"start":{"line":66,"column":15},"end":{"line":66,"column":21}},"loc":{"start":{"line":66,"column":32},"end":{"line":70,"column":null}}}},"branchMap":{"0":{"loc":{"start":{"line":36,"column":1},"end":{"line":36,"column":30}},"type":"if","locations":[{"start":{"line":36,"column":1},"end":{"line":36,"column":30}}]}},"s":{"0":2,"1":2,"2":5,"3":5,"4":3,"5":5,"6":3,"7":2,"8":2,"9":7,"10":3,"11":3,"12":1,"13":2},"f":{"0":2,"1":5,"2":3,"3":5,"4":7,"5":3,"6":3,"7":1},"b":{"0":[3]}}
,"/home/eiji/Projetos_Driven/Projetos_Fullstack/Projeto_21/projeto21-signmeasong-backend/src/routers/e2eRouter.ts": {"path":"/home/eiji/Projetos_Driven/Projetos_Fullstack/Projeto_21/projeto21-signmeasong-backend/src/routers/e2eRouter.ts","statementMap":{"0":{"start":{"line":1,"column":0},"end":{"line":1,"column":33}},"1":{"start":{"line":2,"column":0},"end":{"line":2,"column":65}},"2":{"start":{"line":4,"column":18},"end":{"line":4,"column":26}},"3":{"start":{"line":6,"column":0},"end":{"line":6,"column":55}},"4":{"start":{"line":8,"column":0},"end":{"line":8,"column":25}}},"fnMap":{},"branchMap":{},"s":{"0":1,"1":1,"2":1,"3":1,"4":1},"f":{},"b":{}}
,"/home/eiji/Projetos_Driven/Projetos_Fullstack/Projeto_21/projeto21-signmeasong-backend/src/routers/recommendationRouter.ts": {"path":"/home/eiji/Projetos_Driven/Projetos_Fullstack/Projeto_21/projeto21-signmeasong-backend/src/routers/recommendationRouter.ts","statementMap":{"0":{"start":{"line":1,"column":0},"end":{"line":1,"column":33}},"1":{"start":{"line":2,"column":0},"end":{"line":2,"column":86}},"2":{"start":{"line":4,"column":29},"end":{"line":4,"column":37}},"3":{"start":{"line":6,"column":0},"end":{"line":6,"column":64}},"4":{"start":{"line":7,"column":0},"end":{"line":7,"column":60}},"5":{"start":{"line":8,"column":0},"end":{"line":8,"column":69}},"6":{"start":{"line":9,"column":0},"end":{"line":9,"column":74}},"7":{"start":{"line":10,"column":0},"end":{"line":10,"column":67}},"8":{"start":{"line":11,"column":0},"end":{"line":11,"column":74}},"9":{"start":{"line":12,"column":0},"end":{"line":12,"column":78}},"10":{"start":{"line":14,"column":0},"end":{"line":14,"column":36}}},"fnMap":{},"branchMap":{},"s":{"0":1,"1":1,"2":1,"3":1,"4":1,"5":1,"6":1,"7":1,"8":1,"9":1,"10":1},"f":{},"b":{}}
,"/home/eiji/Projetos_Driven/Projetos_Fullstack/Projeto_21/projeto21-signmeasong-backend/src/schemas/recommendationsSchemas.ts": {"path":"/home/eiji/Projetos_Driven/Projetos_Fullstack/Projeto_21/projeto21-signmeasong-backend/src/schemas/recommendationsSchemas.ts","statementMap":{"0":{"start":{"line":1,"column":0},"end":{"line":1,"column":22}},"1":{"start":{"line":4,"column":25},"end":{"line":4,"column":78}},"2":{"start":{"line":6,"column":13},"end":{"line":9,"column":3}}},"fnMap":{},"branchMap":{},"s":{"0":1,"1":1,"2":1},"f":{},"b":{}}
,"/home/eiji/Projetos_Driven/Projetos_Fullstack/Projeto_21/projeto21-signmeasong-backend/src/services/e2eService.ts": {"path":"/home/eiji/Projetos_Driven/Projetos_Fullstack/Projeto_21/projeto21-signmeasong-backend/src/services/e2eService.ts","statementMap":{"0":{"start":{"line":1,"column":0},"end":{"line":1,"column":66}},"1":{"start":{"line":4,"column":1},"end":{"line":4,"column":32}},"2":{"start":{"line":3,"column":0},"end":{"line":3,"column":22}}},"fnMap":{"0":{"name":"truncate","decl":{"start":{"line":3,"column":22},"end":{"line":3,"column":30}},"loc":{"start":{"line":3,"column":30},"end":{"line":5,"column":null}}}},"branchMap":{},"s":{"0":1,"1":0,"2":1},"f":{"0":0},"b":{}}
,"/home/eiji/Projetos_Driven/Projetos_Fullstack/Projeto_21/projeto21-signmeasong-backend/src/services/recommendationsService.ts": {"path":"/home/eiji/Projetos_Driven/Projetos_Fullstack/Projeto_21/projeto21-signmeasong-backend/src/services/recommendationsService.ts","statementMap":{"0":{"start":{"line":2,"column":0},"end":{"line":2,"column":87}},"1":{"start":{"line":3,"column":0},"end":{"line":3,"column":70}},"2":{"start":{"line":8,"column":32},"end":{"line":9,"column":null}},"3":{"start":{"line":11,"column":1},"end":{"line":12,"column":62}},"4":{"start":{"line":12,"column":2},"end":{"line":12,"column":62}},"5":{"start":{"line":14,"column":1},"end":{"line":14,"column":65}},"6":{"start":{"line":18,"column":1},"end":{"line":18,"column":25}},"7":{"start":{"line":20,"column":1},"end":{"line":20,"column":61}},"8":{"start":{"line":24,"column":1},"end":{"line":24,"column":25}},"9":{"start":{"line":26,"column":31},"end":{"line":28,"column":null}},"10":{"start":{"line":31,"column":1},"end":{"line":33,"column":null}},"11":{"start":{"line":32,"column":2},"end":{"line":32,"column":44}},"12":{"start":{"line":37,"column":24},"end":{"line":37,"column":63}},"13":{"start":{"line":38,"column":1},"end":{"line":38,"column":44}},"14":{"start":{"line":38,"column":22},"end":{"line":38,"column":44}},"15":{"start":{"line":40,"column":1},"end":{"line":40,"column":23}},"16":{"start":{"line":44,"column":1},"end":{"line":44,"column":43}},"17":{"start":{"line":48,"column":1},"end":{"line":48,"column":58}},"18":{"start":{"line":52,"column":16},"end":{"line":52,"column":29}},"19":{"start":{"line":53,"column":21},"end":{"line":53,"column":43}},"20":{"start":{"line":55,"column":25},"end":{"line":55,"column":54}},"21":{"start":{"line":57,"column":1},"end":{"line":59,"column":null}},"22":{"start":{"line":58,"column":2},"end":{"line":58,"column":24}},"23":{"start":{"line":61,"column":21},"end":{"line":61,"column":71}},"24":{"start":{"line":62,"column":1},"end":{"line":62,"column":37}},"25":{"start":{"line":66,"column":25},"end":{"line":69,"column":3}},"26":{"start":{"line":71,"column":1},"end":{"line":73,"column":null}},"27":{"start":{"line":72,"column":2},"end":{"line":72,"column":25}},"28":{"start":{"line":75,"column":1},"end":{"line":75,"column":43}},"29":{"start":{"line":79,"column":1},"end":{"line":81,"column":null}},"30":{"start":{"line":80,"column":2},"end":{"line":80,"column":14}},"31":{"start":{"line":83,"column":1},"end":{"line":83,"column":14}},"32":{"start":{"line":86,"column":13},"end":{"line":96,"column":2}}},"fnMap":{"0":{"name":"insert","decl":{"start":{"line":7,"column":15},"end":{"line":7,"column":21}},"loc":{"start":{"line":7,"column":72},"end":{"line":15,"column":null}}},"1":{"name":"upvote","decl":{"start":{"line":17,"column":15},"end":{"line":17,"column":21}},"loc":{"start":{"line":17,"column":32},"end":{"line":21,"column":null}}},"2":{"name":"downvote","decl":{"start":{"line":23,"column":15},"end":{"line":23,"column":23}},"loc":{"start":{"line":23,"column":34},"end":{"line":34,"column":null}}},"3":{"name":"getByIdOrFail","decl":{"start":{"line":36,"column":15},"end":{"line":36,"column":28}},"loc":{"start":{"line":36,"column":39},"end":{"line":41,"column":null}}},"4":{"name":"get","decl":{"start":{"line":43,"column":15},"end":{"line":43,"column":18}},"loc":{"start":{"line":43,"column":18},"end":{"line":45,"column":null}}},"5":{"name":"getTop","decl":{"start":{"line":47,"column":15},"end":{"line":47,"column":21}},"loc":{"start":{"line":47,"column":36},"end":{"line":49,"column":null}}},"6":{"name":"getRandom","decl":{"start":{"line":51,"column":15},"end":{"line":51,"column":24}},"loc":{"start":{"line":51,"column":24},"end":{"line":63,"column":null}}},"7":{"name":"getByScore","decl":{"start":{"line":65,"column":15},"end":{"line":65,"column":25}},"loc":{"start":{"line":65,"column":51},"end":{"line":76,"column":null}}},"8":{"name":"getScoreFilter","decl":{"start":{"line":78,"column":9},"end":{"line":78,"column":23}},"loc":{"start":{"line":78,"column":38},"end":{"line":84,"column":1}}}},"branchMap":{"0":{"loc":{"start":{"line":11,"column":1},"end":{"line":12,"column":62}},"type":"if","locations":[{"start":{"line":11,"column":1},"end":{"line":12,"column":62}}]},"1":{"loc":{"start":{"line":31,"column":1},"end":{"line":33,"column":null}},"type":"if","locations":[{"start":{"line":31,"column":1},"end":{"line":33,"column":null}}]},"2":{"loc":{"start":{"line":38,"column":1},"end":{"line":38,"column":44}},"type":"if","locations":[{"start":{"line":38,"column":1},"end":{"line":38,"column":44}}]},"3":{"loc":{"start":{"line":57,"column":1},"end":{"line":59,"column":null}},"type":"if","locations":[{"start":{"line":57,"column":1},"end":{"line":59,"column":null}}]},"4":{"loc":{"start":{"line":71,"column":1},"end":{"line":73,"column":null}},"type":"if","locations":[{"start":{"line":71,"column":1},"end":{"line":73,"column":null}}]},"5":{"loc":{"start":{"line":79,"column":1},"end":{"line":81,"column":null}},"type":"if","locations":[{"start":{"line":79,"column":1},"end":{"line":81,"column":null}}]}},"s":{"0":2,"1":2,"2":5,"3":5,"4":2,"5":3,"6":4,"7":2,"8":6,"9":4,"10":4,"11":2,"12":12,"13":12,"14":5,"15":7,"16":2,"17":4,"18":4,"19":4,"20":4,"21":4,"22":2,"23":2,"24":2,"25":4,"26":4,"27":2,"28":2,"29":4,"30":3,"31":1,"32":2},"f":{"0":5,"1":4,"2":6,"3":12,"4":2,"5":4,"6":4,"7":4,"8":4},"b":{"0":[2],"1":[2],"2":[5],"3":[2],"4":[2],"5":[3]}}
,"/home/eiji/Projetos_Driven/Projetos_Fullstack/Projeto_21/projeto21-signmeasong-backend/src/utils/errorUtils.ts": {"path":"/home/eiji/Projetos_Driven/Projetos_Fullstack/Projeto_21/projeto21-signmeasong-backend/src/utils/errorUtils.ts","statementMap":{"0":{"start":{"line":8,"column":2},"end":{"line":8,"column":48}},"1":{"start":{"line":7,"column":0},"end":{"line":7,"column":16}},"2":{"start":{"line":12,"column":2},"end":{"line":12,"column":38}},"3":{"start":{"line":12,"column":27},"end":{"line":12,"column":38}},"4":{"start":{"line":13,"column":2},"end":{"line":13,"column":39}},"5":{"start":{"line":13,"column":28},"end":{"line":13,"column":39}},"6":{"start":{"line":14,"column":2},"end":{"line":14,"column":42}},"7":{"start":{"line":14,"column":31},"end":{"line":14,"column":42}},"8":{"start":{"line":15,"column":2},"end":{"line":15,"column":42}},"9":{"start":{"line":15,"column":31},"end":{"line":15,"column":42}},"10":{"start":{"line":16,"column":2},"end":{"line":16,"column":13}},"11":{"start":{"line":11,"column":0},"end":{"line":11,"column":16}},"12":{"start":{"line":20,"column":2},"end":{"line":20,"column":54}},"13":{"start":{"line":19,"column":0},"end":{"line":19,"column":16}},"14":{"start":{"line":24,"column":2},"end":{"line":24,"column":55}},"15":{"start":{"line":23,"column":0},"end":{"line":23,"column":16}},"16":{"start":{"line":28,"column":2},"end":{"line":28,"column":58}},"17":{"start":{"line":27,"column":0},"end":{"line":27,"column":16}},"18":{"start":{"line":32,"column":2},"end":{"line":32,"column":58}},"19":{"start":{"line":31,"column":0},"end":{"line":31,"column":16}}},"fnMap":{"0":{"name":"isAppError","decl":{"start":{"line":7,"column":16},"end":{"line":7,"column":26}},"loc":{"start":{"line":7,"column":40},"end":{"line":9,"column":1}}},"1":{"name":"errorTypeToStatusCode","decl":{"start":{"line":11,"column":16},"end":{"line":11,"column":37}},"loc":{"start":{"line":11,"column":57},"end":{"line":17,"column":1}}},"2":{"name":"conflictError","decl":{"start":{"line":19,"column":16},"end":{"line":19,"column":29}},"loc":{"start":{"line":19,"column":46},"end":{"line":21,"column":1}}},"3":{"name":"notFoundError","decl":{"start":{"line":23,"column":16},"end":{"line":23,"column":29}},"loc":{"start":{"line":23,"column":46},"end":{"line":25,"column":1}}},"4":{"name":"unauthorizedError","decl":{"start":{"line":27,"column":16},"end":{"line":27,"column":33}},"loc":{"start":{"line":27,"column":50},"end":{"line":29,"column":1}}},"5":{"name":"wrongSchemaError","decl":{"start":{"line":31,"column":16},"end":{"line":31,"column":32}},"loc":{"start":{"line":31,"column":49},"end":{"line":33,"column":1}}}},"branchMap":{"0":{"loc":{"start":{"line":12,"column":2},"end":{"line":12,"column":38}},"type":"if","locations":[{"start":{"line":12,"column":2},"end":{"line":12,"column":38}}]},"1":{"loc":{"start":{"line":13,"column":2},"end":{"line":13,"column":39}},"type":"if","locations":[{"start":{"line":13,"column":2},"end":{"line":13,"column":39}}]},"2":{"loc":{"start":{"line":14,"column":2},"end":{"line":14,"column":42}},"type":"if","locations":[{"start":{"line":14,"column":2},"end":{"line":14,"column":42}}]},"3":{"loc":{"start":{"line":15,"column":2},"end":{"line":15,"column":42}},"type":"if","locations":[{"start":{"line":15,"column":2},"end":{"line":15,"column":42}}]},"4":{"loc":{"start":{"line":20,"column":38},"end":{"line":20,"column":51}},"type":"cond-expr","locations":[{"start":{"line":20,"column":38},"end":{"line":20,"column":45}},{"start":{"line":20,"column":49},"end":{"line":20,"column":51}}]},"5":{"loc":{"start":{"line":20,"column":38},"end":{"line":20,"column":49}},"type":"binary-expr","locations":[{"start":{"line":20,"column":38},"end":{"line":20,"column":49}},{"start":{"line":20,"column":38},"end":{"line":20,"column":49}}]},"6":{"loc":{"start":{"line":24,"column":39},"end":{"line":24,"column":52}},"type":"cond-expr","locations":[{"start":{"line":24,"column":39},"end":{"line":24,"column":46}},{"start":{"line":24,"column":50},"end":{"line":24,"column":52}}]},"7":{"loc":{"start":{"line":24,"column":39},"end":{"line":24,"column":50}},"type":"binary-expr","locations":[{"start":{"line":24,"column":39},"end":{"line":24,"column":50}},{"start":{"line":24,"column":39},"end":{"line":24,"column":50}}]},"8":{"loc":{"start":{"line":28,"column":42},"end":{"line":28,"column":55}},"type":"cond-expr","locations":[{"start":{"line":28,"column":42},"end":{"line":28,"column":49}},{"start":{"line":28,"column":53},"end":{"line":28,"column":55}}]},"9":{"loc":{"start":{"line":28,"column":42},"end":{"line":28,"column":53}},"type":"binary-expr","locations":[{"start":{"line":28,"column":42},"end":{"line":28,"column":53}},{"start":{"line":28,"column":42},"end":{"line":28,"column":53}}]},"10":{"loc":{"start":{"line":32,"column":42},"end":{"line":32,"column":55}},"type":"cond-expr","locations":[{"start":{"line":32,"column":42},"end":{"line":32,"column":49}},{"start":{"line":32,"column":53},"end":{"line":32,"column":55}}]},"11":{"loc":{"start":{"line":32,"column":42},"end":{"line":32,"column":53}},"type":"binary-expr","locations":[{"start":{"line":32,"column":42},"end":{"line":32,"column":53}},{"start":{"line":32,"column":42},"end":{"line":32,"column":53}}]}},"s":{"0":9,"1":2,"2":8,"3":1,"4":7,"5":4,"6":3,"7":0,"8":3,"9":3,"10":0,"11":2,"12":1,"13":2,"14":4,"15":2,"16":0,"17":2,"18":3,"19":2},"f":{"0":9,"1":8,"2":1,"3":4,"4":0,"5":3},"b":{"0":[1],"1":[4],"2":[0],"3":[3],"4":[1,0],"5":[1,1],"6":[0,4],"7":[4,4],"8":[0,0],"9":[0,0],"10":[0,3],"11":[3,3]}}
,"/home/eiji/Projetos_Driven/Projetos_Fullstack/Projeto_21/projeto21-signmeasong-backend/tests/factories/recommendationFactory.ts": {"path":"/home/eiji/Projetos_Driven/Projetos_Fullstack/Projeto_21/projeto21-signmeasong-backend/tests/factories/recommendationFactory.ts","statementMap":{"0":{"start":{"line":1,"column":0},"end":{"line":1,"column":40}},"1":{"start":{"line":4,"column":1},"end":{"line":7,"column":3}},"2":{"start":{"line":3,"column":0},"end":{"line":3,"column":22}}},"fnMap":{"0":{"name":"recommendationFactory","decl":{"start":{"line":3,"column":22},"end":{"line":3,"column":43}},"loc":{"start":{"line":3,"column":43},"end":{"line":8,"column":null}}}},"branchMap":{},"s":{"0":2,"1":57,"2":2},"f":{"0":57},"b":{}}
,"/home/eiji/Projetos_Driven/Projetos_Fullstack/Projeto_21/projeto21-signmeasong-backend/tests/factories/scenarioFactory.ts": {"path":"/home/eiji/Projetos_Driven/Projetos_Fullstack/Projeto_21/projeto21-signmeasong-backend/tests/factories/scenarioFactory.ts","statementMap":{"0":{"start":{"line":1,"column":0},"end":{"line":1,"column":47}},"1":{"start":{"line":2,"column":0},"end":{"line":2,"column":64}},"2":{"start":{"line":3,"column":0},"end":{"line":3,"column":40}},"3":{"start":{"line":6,"column":1},"end":{"line":6,"column":58}},"4":{"start":{"line":5,"column":0},"end":{"line":5,"column":22}},"5":{"start":{"line":10,"column":33},"end":{"line":10,"column":68}},"6":{"start":{"line":12,"column":1},"end":{"line":18,"column":null}},"7":{"start":{"line":12,"column":36},"end":{"line":12,"column":null}},"8":{"start":{"line":12,"column":32},"end":{"line":12,"column":36}},"9":{"start":{"line":13,"column":28},"end":{"line":13,"column":57}},"10":{"start":{"line":15,"column":2},"end":{"line":17,"column":5}},"11":{"start":{"line":9,"column":0},"end":{"line":9,"column":22}},"12":{"start":{"line":22,"column":27},"end":{"line":22,"column":56}},"13":{"start":{"line":24,"column":16},"end":{"line":26,"column":3}},"14":{"start":{"line":28,"column":1},"end":{"line":28,"column":15}},"15":{"start":{"line":21,"column":0},"end":{"line":21,"column":22}},"16":{"start":{"line":32,"column":24},"end":{"line":32,"column":53}},"17":{"start":{"line":34,"column":16},"end":{"line":36,"column":3}},"18":{"start":{"line":38,"column":1},"end":{"line":38,"column":15}},"19":{"start":{"line":31,"column":0},"end":{"line":31,"column":22}},"20":{"start":{"line":42,"column":33},"end":{"line":42,"column":62}},"21":{"start":{"line":43,"column":32},"end":{"line":43,"column":61}},"22":{"start":{"line":45,"column":1},"end":{"line":47,"column":4}},"23":{"start":{"line":49,"column":1},"end":{"line":51,"column":4}},"24":{"start":{"line":41,"column":0},"end":{"line":41,"column":22}}},"fnMap":{"0":{"name":"deleteAllData","decl":{"start":{"line":5,"column":22},"end":{"line":5,"column":35}},"loc":{"start":{"line":5,"column":35},"end":{"line":7,"column":null}}},"1":{"name":"createScenarioToReturnRecommendations","decl":{"start":{"line":9,"column":22},"end":{"line":9,"column":59}},"loc":{"start":{"line":9,"column":59},"end":{"line":19,"column":null}}},"2":{"name":"createScenarioToReturnOneRecommendation","decl":{"start":{"line":21,"column":22},"end":{"line":21,"column":61}},"loc":{"start":{"line":21,"column":61},"end":{"line":29,"column":null}}},"3":{"name":"createScenarioToDeleteWithDownvote","decl":{"start":{"line":31,"column":22},"end":{"line":31,"column":56}},"loc":{"start":{"line":31,"column":56},"end":{"line":39,"column":null}}},"4":{"name":"createScenarioToRandomRecommendation","decl":{"start":{"line":41,"column":22},"end":{"line":41,"column":58}},"loc":{"start":{"line":41,"column":58},"end":{"line":52,"column":null}}}},"branchMap":{},"s":{"0":2,"1":2,"2":2,"3":32,"4":2,"5":4,"6":4,"7":4,"8":44,"9":44,"10":44,"11":2,"12":3,"13":3,"14":3,"15":2,"16":1,"17":1,"18":1,"19":2,"20":1,"21":1,"22":1,"23":1,"24":2},"f":{"0":32,"1":4,"2":3,"3":1,"4":1},"b":{}}
}
