TN:
SF:src/database.ts
FNF:0
FNH:0
DA:1,1
DA:3,1
DA:5,1
LF:3
LH:3
BRF:0
BRH:0
end_of_record
TN:
SF:src/services/recommendationsService.ts
FN:7,insert
FN:17,upvote
FN:23,downvote
FN:36,getByIdOrFail
FN:43,get
FN:47,getTop
FN:51,getRandom
FN:65,getByScore
FN:78,getScoreFilter
FNF:9
FNH:9
FNDA:2,insert
FNDA:2,upvote
FNDA:3,downvote
FNDA:5,getByIdOrFail
FNDA:1,get
FNDA:1,getTop
FNDA:3,getRandom
FNDA:3,getByScore
FNDA:5,getScoreFilter
DA:2,1
DA:3,1
DA:8,2
DA:11,2
DA:12,1
DA:14,1
DA:18,2
DA:20,1
DA:24,3
DA:26,2
DA:31,2
DA:32,1
DA:37,5
DA:38,5
DA:40,3
DA:44,1
DA:48,1
DA:52,3
DA:53,3
DA:55,3
DA:57,3
DA:58,1
DA:61,2
DA:62,2
DA:66,3
DA:71,3
DA:72,2
DA:75,1
DA:79,5
DA:80,2
DA:83,3
DA:86,1
LF:32
LH:32
BRDA:11,0,0,1
BRDA:31,1,0,1
BRDA:38,2,0,2
BRDA:57,3,0,1
BRDA:71,4,0,2
BRDA:79,5,0,2
BRF:6
BRH:6
end_of_record
